2025-10-16 20:46:04,191 INFO Драйвер установлен
2025-10-16 20:46:05,590 INFO Вызов функции: get_products(driver, URL
2025-10-16 20:46:11,268 INFO Создана таблица для данных
2025-10-16 20:46:13,769 INFO Вызов функции: get_all_flights_for_date(driver)
2025-10-16 20:46:13,874 INFO Успешная запись информации по рейсу
2025-10-16 20:46:14,239 INFO Успешная запись информации по рейсу
2025-10-16 20:46:14,540 INFO Вызов функции: select_next_available_date(driver)
2025-10-16 20:46:19,118 INFO Успешный переход на следующую дату
2025-10-16 20:46:21,619 INFO Вызов функции: get_all_flights_for_date(driver)
2025-10-16 20:46:21,698 INFO Успешная запись информации по рейсу
2025-10-16 20:46:22,061 INFO Успешная запись информации по рейсу
2025-10-16 20:46:22,424 INFO Успешная запись информации по рейсу
2025-10-16 20:46:22,788 INFO Успешная запись информации по рейсу
2025-10-16 20:46:23,152 INFO Успешная запись информации по рейсу
2025-10-16 20:46:23,518 INFO Успешная запись информации по рейсу
2025-10-16 20:46:23,882 INFO Успешная запись информации по рейсу
2025-10-16 20:46:24,183 INFO Вызов функции: select_next_available_date(driver)
2025-10-16 20:46:28,748 INFO Успешный переход на следующую дату
2025-10-16 20:46:31,249 INFO Вызов функции: get_all_flights_for_date(driver)
2025-10-16 20:46:31,327 INFO Успешная запись информации по рейсу
2025-10-16 20:46:31,692 INFO Успешная запись информации по рейсу
2025-10-16 20:46:32,057 INFO Успешная запись информации по рейсу
2025-10-16 20:46:32,419 INFO Успешная запись информации по рейсу
2025-10-16 20:46:32,784 INFO Успешная запись информации по рейсу
2025-10-16 20:46:33,148 INFO Успешная запись информации по рейсу
2025-10-16 20:46:33,513 INFO Успешная запись информации по рейсу
2025-10-16 20:46:33,814 INFO Вызов функции: select_next_available_date(driver)
2025-10-16 20:46:38,374 INFO Успешный переход на следующую дату
2025-10-16 20:46:40,875 INFO Вызов функции: get_all_flights_for_date(driver)
2025-10-16 20:46:40,953 INFO Успешная запись информации по рейсу
2025-10-16 20:46:41,316 INFO Успешная запись информации по рейсу
2025-10-16 20:46:41,680 INFO Успешная запись информации по рейсу
2025-10-16 20:46:42,044 INFO Успешная запись информации по рейсу
2025-10-16 20:46:42,409 INFO Успешная запись информации по рейсу
2025-10-16 20:46:42,772 INFO Успешная запись информации по рейсу
2025-10-16 20:46:43,137 INFO Успешная запись информации по рейсу
2025-10-16 20:46:43,437 INFO Вызов функции: select_next_available_date(driver)
2025-10-16 20:46:48,000 INFO Успешный переход на следующую дату
2025-10-16 20:46:50,501 INFO Вызов функции: get_all_flights_for_date(driver)
2025-10-16 20:46:50,580 INFO Успешная запись информации по рейсу
2025-10-16 20:46:50,945 INFO Успешная запись информации по рейсу
2025-10-16 20:46:51,311 INFO Успешная запись информации по рейсу
2025-10-16 20:46:51,674 INFO Успешная запись информации по рейсу
2025-10-16 20:46:52,038 INFO Успешная запись информации по рейсу
2025-10-16 20:46:52,406 INFO Успешная запись информации по рейсу
2025-10-16 20:46:52,772 INFO Успешная запись информации по рейсу
2025-10-16 20:46:53,072 INFO Вызов функции: select_next_available_date(driver)
2025-10-16 20:46:57,639 INFO Успешный переход на следующую дату
2025-10-16 20:47:00,139 INFO Вызов функции: get_all_flights_for_date(driver)
2025-10-16 20:47:00,220 INFO Успешная запись информации по рейсу
2025-10-16 20:47:00,584 INFO Успешная запись информации по рейсу
2025-10-16 20:47:00,975 INFO Успешная запись информации по рейсу
2025-10-16 20:47:01,340 INFO Успешная запись информации по рейсу
2025-10-16 20:47:01,709 INFO Успешная запись информации по рейсу
2025-10-16 20:47:02,075 INFO Успешная запись информации по рейсу
2025-10-16 20:47:02,439 INFO Успешная запись информации по рейсу
2025-10-16 20:47:02,739 INFO Вызов функции: select_next_available_date(driver)
2025-10-16 20:47:07,306 INFO Успешный переход на следующую дату
2025-10-16 20:47:09,807 INFO Вызов функции: get_all_flights_for_date(driver)
2025-10-16 20:47:09,889 INFO Успешная запись информации по рейсу
2025-10-16 20:47:10,252 INFO Успешная запись информации по рейсу
2025-10-16 20:47:10,618 INFO Успешная запись информации по рейсу
2025-10-16 20:47:10,982 INFO Успешная запись информации по рейсу
2025-10-16 20:47:11,346 INFO Успешная запись информации по рейсу
2025-10-16 20:47:11,710 INFO Успешная запись информации по рейсу
2025-10-16 20:47:12,074 INFO Успешная запись информации по рейсу
2025-10-16 20:47:12,375 INFO Вызов функции: select_next_available_date(driver)
2025-10-16 20:47:16,946 INFO Успешный переход на следующую дату
2025-10-16 20:47:19,446 INFO Вызов функции: get_all_flights_for_date(driver)
2025-10-16 20:47:19,528 INFO Успешная запись информации по рейсу
2025-10-16 20:47:19,893 INFO Успешная запись информации по рейсу
2025-10-16 20:47:20,287 INFO Успешная запись информации по рейсу
2025-10-16 20:47:20,652 INFO Успешная запись информации по рейсу
2025-10-16 20:47:21,016 INFO Успешная запись информации по рейсу
2025-10-16 20:47:21,381 INFO Успешная запись информации по рейсу
2025-10-16 20:47:21,746 INFO Успешная запись информации по рейсу
2025-10-16 20:47:22,047 INFO Вызов функции: select_next_available_date(driver)
2025-10-16 20:47:26,611 INFO Успешный переход на следующую дату
2025-10-16 20:47:29,112 INFO Вызов функции: get_all_flights_for_date(driver)
2025-10-16 20:47:29,194 INFO Успешная запись информации по рейсу
2025-10-16 20:47:29,559 INFO Успешная запись информации по рейсу
2025-10-16 20:47:29,923 INFO Успешная запись информации по рейсу
2025-10-16 20:47:30,287 INFO Успешная запись информации по рейсу
2025-10-16 20:47:30,650 INFO Успешная запись информации по рейсу
2025-10-16 20:47:31,015 INFO Успешная запись информации по рейсу
2025-10-16 20:47:31,378 INFO Успешная запись информации по рейсу
2025-10-16 20:47:31,679 INFO Вызов функции: select_next_available_date(driver)
2025-10-16 20:47:36,245 INFO Успешный переход на следующую дату
2025-10-16 20:47:38,746 INFO Вызов функции: get_all_flights_for_date(driver)
2025-10-16 20:47:38,828 INFO Успешная запись информации по рейсу
2025-10-16 20:47:39,193 INFO Успешная запись информации по рейсу
2025-10-16 20:47:39,592 INFO Успешная запись информации по рейсу
2025-10-16 20:47:39,957 INFO Успешная запись информации по рейсу
2025-10-16 20:47:40,323 INFO Успешная запись информации по рейсу
2025-10-16 20:47:40,688 INFO Успешная запись информации по рейсу
2025-10-16 20:47:41,052 INFO Успешная запись информации по рейсу
2025-10-16 20:47:41,353 INFO Вызов функции: select_next_available_date(driver)
2025-10-16 20:47:45,916 INFO Успешный переход на следующую дату
2025-10-16 20:47:48,416 INFO Вызов функции: get_all_flights_for_date(driver)
2025-10-16 20:47:48,493 INFO Успешная запись информации по рейсу
2025-10-16 20:47:48,857 INFO Успешная запись информации по рейсу
2025-10-16 20:47:49,221 INFO Успешная запись информации по рейсу
2025-10-16 20:47:49,584 INFO Успешная запись информации по рейсу
2025-10-16 20:47:49,948 INFO Успешная запись информации по рейсу
2025-10-16 20:47:50,312 INFO Успешная запись информации по рейсу
2025-10-16 20:47:50,676 INFO Успешная запись информации по рейсу
2025-10-16 20:47:50,977 INFO Вызов функции: select_next_available_date(driver)
2025-10-16 20:47:55,537 INFO Успешный переход на следующую дату
2025-10-16 20:47:58,037 INFO Вызов функции: get_all_flights_for_date(driver)
2025-10-16 20:47:58,118 INFO Успешная запись информации по рейсу
2025-10-16 20:47:58,480 INFO Успешная запись информации по рейсу
2025-10-16 20:47:58,882 INFO Успешная запись информации по рейсу
2025-10-16 20:47:59,249 INFO Успешная запись информации по рейсу
2025-10-16 20:47:59,616 INFO Успешная запись информации по рейсу
2025-10-16 20:47:59,979 INFO Успешная запись информации по рейсу
2025-10-16 20:48:00,343 INFO Успешная запись информации по рейсу
2025-10-16 20:48:00,644 INFO Вызов функции: select_next_available_date(driver)
2025-10-16 20:48:05,208 INFO Успешный переход на следующую дату
2025-10-16 20:48:07,709 INFO Вызов функции: get_all_flights_for_date(driver)
2025-10-16 20:48:07,787 INFO Успешная запись информации по рейсу
2025-10-16 20:48:08,151 INFO Успешная запись информации по рейсу
2025-10-16 20:48:08,516 INFO Успешная запись информации по рейсу
2025-10-16 20:48:08,879 INFO Успешная запись информации по рейсу
2025-10-16 20:48:09,242 INFO Успешная запись информации по рейсу
2025-10-16 20:48:09,607 INFO Успешная запись информации по рейсу
2025-10-16 20:48:09,970 INFO Успешная запись информации по рейсу
2025-10-16 20:48:10,271 INFO Вызов функции: select_next_available_date(driver)
2025-10-16 20:48:14,836 INFO Успешный переход на следующую дату
2025-10-16 20:48:17,337 INFO Вызов функции: get_all_flights_for_date(driver)
2025-10-16 20:48:17,416 INFO Успешная запись информации по рейсу
2025-10-16 20:48:17,780 INFO Успешная запись информации по рейсу
2025-10-16 20:48:18,146 INFO Успешная запись информации по рейсу
2025-10-16 20:48:18,510 INFO Успешная запись информации по рейсу
2025-10-16 20:48:18,874 INFO Успешная запись информации по рейсу
2025-10-16 20:48:19,239 INFO Успешная запись информации по рейсу
2025-10-16 20:48:19,602 INFO Успешная запись информации по рейсу
2025-10-16 20:48:19,903 INFO Вызов функции: select_next_available_date(driver)
2025-10-16 20:48:24,465 INFO Успешный переход на следующую дату
2025-10-16 20:48:26,965 INFO Вызов функции: get_all_flights_for_date(driver)
2025-10-16 20:48:27,089 INFO Успешная запись информации по рейсу
2025-10-16 20:48:27,454 INFO Успешная запись информации по рейсу
2025-10-16 20:48:27,817 INFO Успешная запись информации по рейсу
2025-10-16 20:48:28,182 INFO Успешная запись информации по рейсу
2025-10-16 20:48:28,543 INFO Успешная запись информации по рейсу
2025-10-16 20:48:28,906 INFO Успешная запись информации по рейсу
2025-10-16 20:48:29,271 INFO Успешная запись информации по рейсу
2025-10-16 20:48:29,576 INFO Вызов функции: select_next_available_date(driver)
2025-10-16 20:48:34,140 INFO Успешный переход на следующую дату
2025-10-16 20:48:36,640 INFO Вызов функции: get_all_flights_for_date(driver)
2025-10-16 20:48:36,721 INFO Успешная запись информации по рейсу
2025-10-16 20:48:37,085 INFO Успешная запись информации по рейсу
2025-10-16 20:48:37,447 INFO Успешная запись информации по рейсу
2025-10-16 20:48:37,812 INFO Успешная запись информации по рейсу
2025-10-16 20:48:38,179 INFO Успешная запись информации по рейсу
2025-10-16 20:48:38,539 INFO Успешная запись информации по рейсу
2025-10-16 20:48:38,900 INFO Успешная запись информации по рейсу
2025-10-16 20:48:39,200 INFO Вызов функции: select_next_available_date(driver)
2025-10-16 20:48:43,767 INFO Успешный переход на следующую дату
2025-10-16 20:48:46,267 INFO Вызов функции: get_all_flights_for_date(driver)
2025-10-16 20:48:46,342 INFO Успешная запись информации по рейсу
2025-10-16 20:48:46,705 INFO Успешная запись информации по рейсу
2025-10-16 20:48:47,070 INFO Успешная запись информации по рейсу
2025-10-16 20:48:47,435 INFO Успешная запись информации по рейсу
2025-10-16 20:48:47,799 INFO Успешная запись информации по рейсу
2025-10-16 20:48:48,163 INFO Успешная запись информации по рейсу
2025-10-16 20:48:48,528 INFO Успешная запись информации по рейсу
2025-10-16 20:48:48,828 INFO Вызов функции: select_next_available_date(driver)
2025-10-16 20:48:53,391 INFO Успешный переход на следующую дату
2025-10-16 20:48:55,892 INFO Вызов функции: get_all_flights_for_date(driver)
2025-10-16 20:48:55,970 INFO Успешная запись информации по рейсу
2025-10-16 20:48:56,335 INFO Успешная запись информации по рейсу
2025-10-16 20:48:56,700 INFO Успешная запись информации по рейсу
2025-10-16 20:48:57,064 INFO Успешная запись информации по рейсу
2025-10-16 20:48:57,428 INFO Успешная запись информации по рейсу
2025-10-16 20:48:57,792 INFO Успешная запись информации по рейсу
2025-10-16 20:48:58,156 INFO Успешная запись информации по рейсу
2025-10-16 20:48:58,457 INFO Вызов функции: select_next_available_date(driver)
2025-10-16 20:49:03,021 INFO Успешный переход на следующую дату
2025-10-16 20:49:05,522 INFO Вызов функции: get_all_flights_for_date(driver)
2025-10-16 20:49:05,653 INFO Успешная запись информации по рейсу
2025-10-16 20:49:06,018 INFO Успешная запись информации по рейсу
2025-10-16 20:49:06,382 INFO Успешная запись информации по рейсу
2025-10-16 20:49:06,746 INFO Успешная запись информации по рейсу
2025-10-16 20:49:07,110 INFO Успешная запись информации по рейсу
2025-10-16 20:49:07,473 INFO Успешная запись информации по рейсу
2025-10-16 20:49:07,837 INFO Успешная запись информации по рейсу
2025-10-16 20:49:08,138 INFO Вызов функции: select_next_available_date(driver)
2025-10-16 20:49:12,701 INFO Успешный переход на следующую дату
2025-10-16 20:49:15,202 INFO Вызов функции: get_all_flights_for_date(driver)
2025-10-16 20:49:15,285 INFO Успешная запись информации по рейсу
2025-10-16 20:49:15,650 INFO Успешная запись информации по рейсу
2025-10-16 20:49:16,014 INFO Успешная запись информации по рейсу
2025-10-16 20:49:16,379 INFO Успешная запись информации по рейсу
2025-10-16 20:49:16,741 INFO Успешная запись информации по рейсу
2025-10-16 20:49:17,105 INFO Успешная запись информации по рейсу
2025-10-16 20:49:17,470 INFO Успешная запись информации по рейсу
2025-10-16 20:49:17,770 INFO Вызов функции: select_next_available_date(driver)
2025-10-16 20:49:22,333 INFO Успешный переход на следующую дату
2025-10-16 20:49:24,834 INFO Вызов функции: get_all_flights_for_date(driver)
2025-10-16 20:49:24,912 INFO Успешная запись информации по рейсу
2025-10-16 20:49:25,275 INFO Успешная запись информации по рейсу
2025-10-16 20:49:25,640 INFO Успешная запись информации по рейсу
2025-10-16 20:49:26,004 INFO Успешная запись информации по рейсу
2025-10-16 20:49:26,368 INFO Успешная запись информации по рейсу
2025-10-16 20:49:26,735 INFO Успешная запись информации по рейсу
2025-10-16 20:49:27,099 INFO Успешная запись информации по рейсу
2025-10-16 20:49:27,399 INFO Вызов функции: select_next_available_date(driver)
2025-10-16 20:49:31,957 INFO Успешный переход на следующую дату
2025-10-16 20:49:34,458 INFO Вызов функции: get_all_flights_for_date(driver)
2025-10-16 20:49:34,536 INFO Успешная запись информации по рейсу
2025-10-16 20:49:34,902 INFO Успешная запись информации по рейсу
2025-10-16 20:49:35,268 INFO Успешная запись информации по рейсу
2025-10-16 20:49:35,632 INFO Успешная запись информации по рейсу
2025-10-16 20:49:35,996 INFO Успешная запись информации по рейсу
2025-10-16 20:49:36,361 INFO Успешная запись информации по рейсу
2025-10-16 20:49:36,724 INFO Успешная запись информации по рейсу
2025-10-16 20:49:37,025 INFO Вызов функции: select_next_available_date(driver)
2025-10-16 20:49:41,589 INFO Успешный переход на следующую дату
2025-10-16 20:49:44,090 INFO Вызов функции: get_all_flights_for_date(driver)
2025-10-16 20:49:44,229 INFO Успешная запись информации по рейсу
2025-10-16 20:49:44,595 INFO Успешная запись информации по рейсу
2025-10-16 20:49:44,959 INFO Успешная запись информации по рейсу
2025-10-16 20:49:45,324 INFO Успешная запись информации по рейсу
2025-10-16 20:49:45,688 INFO Успешная запись информации по рейсу
2025-10-16 20:49:46,052 INFO Успешная запись информации по рейсу
2025-10-16 20:49:46,416 INFO Успешная запись информации по рейсу
2025-10-16 20:49:46,717 INFO Вызов функции: select_next_available_date(driver)
2025-10-16 20:49:51,277 INFO Успешный переход на следующую дату
2025-10-16 20:49:53,777 INFO Вызов функции: get_all_flights_for_date(driver)
2025-10-16 20:49:53,859 INFO Успешная запись информации по рейсу
2025-10-16 20:49:54,225 INFO Успешная запись информации по рейсу
2025-10-16 20:49:54,590 INFO Успешная запись информации по рейсу
2025-10-16 20:49:54,954 INFO Успешная запись информации по рейсу
2025-10-16 20:49:55,318 INFO Успешная запись информации по рейсу
2025-10-16 20:49:55,684 INFO Успешная запись информации по рейсу
2025-10-16 20:49:56,048 INFO Успешная запись информации по рейсу
2025-10-16 20:49:56,349 INFO Вызов функции: select_next_available_date(driver)
2025-10-16 20:50:00,911 INFO Успешный переход на следующую дату
2025-10-16 20:50:03,411 INFO Вызов функции: get_all_flights_for_date(driver)
2025-10-16 20:50:03,489 INFO Успешная запись информации по рейсу
2025-10-16 20:50:03,852 INFO Успешная запись информации по рейсу
2025-10-16 20:50:04,216 INFO Успешная запись информации по рейсу
2025-10-16 20:50:04,581 INFO Успешная запись информации по рейсу
2025-10-16 20:50:04,944 INFO Успешная запись информации по рейсу
2025-10-16 20:50:05,311 INFO Успешная запись информации по рейсу
2025-10-16 20:50:05,709 INFO Успешная запись информации по рейсу
2025-10-16 20:50:06,010 INFO Вызов функции: select_next_available_date(driver)
2025-10-16 20:50:10,571 INFO Успешный переход на следующую дату
2025-10-16 20:50:13,071 INFO Вызов функции: get_all_flights_for_date(driver)
2025-10-16 20:50:13,153 INFO Успешная запись информации по рейсу
2025-10-16 20:50:13,516 INFO Успешная запись информации по рейсу
2025-10-16 20:50:13,890 INFO Успешная запись информации по рейсу
2025-10-16 20:50:14,259 INFO Успешная запись информации по рейсу
2025-10-16 20:50:14,625 INFO Успешная запись информации по рейсу
2025-10-16 20:50:14,992 INFO Успешная запись информации по рейсу
2025-10-16 20:50:15,357 INFO Успешная запись информации по рейсу
2025-10-16 20:50:15,657 INFO Вызов функции: select_next_available_date(driver)
2025-10-16 20:50:20,217 INFO Успешный переход на следующую дату
2025-10-16 20:50:22,717 INFO Вызов функции: get_all_flights_for_date(driver)
2025-10-16 20:50:22,797 INFO Успешная запись информации по рейсу
2025-10-16 20:50:23,165 INFO Успешная запись информации по рейсу
2025-10-16 20:50:23,532 INFO Успешная запись информации по рейсу
2025-10-16 20:50:23,899 INFO Успешная запись информации по рейсу
2025-10-16 20:50:24,266 INFO Успешная запись информации по рейсу
2025-10-16 20:50:24,629 INFO Успешная запись информации по рейсу
2025-10-16 20:50:24,995 INFO Успешная запись информации по рейсу
2025-10-16 20:50:25,296 INFO Вызов функции: select_next_available_date(driver)
2025-10-16 20:50:29,857 INFO Успешный переход на следующую дату
2025-10-16 20:50:32,358 INFO Вызов функции: get_all_flights_for_date(driver)
2025-10-16 20:50:32,436 INFO Успешная запись информации по рейсу
2025-10-16 20:50:32,801 INFO Успешная запись информации по рейсу
2025-10-16 20:50:33,166 INFO Успешная запись информации по рейсу
2025-10-16 20:50:33,532 INFO Успешная запись информации по рейсу
2025-10-16 20:50:33,898 INFO Успешная запись информации по рейсу
2025-10-16 20:50:34,262 INFO Успешная запись информации по рейсу
2025-10-16 20:50:34,630 INFO Успешная запись информации по рейсу
2025-10-16 20:50:34,931 INFO Вызов функции: select_next_available_date(driver)
2025-10-16 20:50:39,500 INFO Успешный переход на следующую дату
2025-10-16 20:50:42,000 INFO Вызов функции: get_all_flights_for_date(driver)
2025-10-16 20:50:42,100 INFO Успешная запись информации по рейсу
2025-10-16 20:50:42,468 INFO Успешная запись информации по рейсу
2025-10-16 20:50:42,833 INFO Успешная запись информации по рейсу
2025-10-16 20:50:43,202 INFO Успешная запись информации по рейсу
2025-10-16 20:50:43,569 INFO Успешная запись информации по рейсу
2025-10-16 20:50:43,933 INFO Успешная запись информации по рейсу
2025-10-16 20:50:44,297 INFO Успешная запись информации по рейсу
2025-10-16 20:50:44,597 INFO Вызов функции: select_next_available_date(driver)
2025-10-16 20:50:49,154 INFO Успешный переход на следующую дату
2025-10-16 20:50:51,654 INFO Вызов функции: get_all_flights_for_date(driver)
2025-10-16 20:50:51,732 INFO Успешная запись информации по рейсу
2025-10-16 20:50:52,099 INFO Успешная запись информации по рейсу
2025-10-16 20:50:52,464 INFO Успешная запись информации по рейсу
2025-10-16 20:50:52,830 INFO Успешная запись информации по рейсу
2025-10-16 20:50:53,195 INFO Успешная запись информации по рейсу
2025-10-16 20:50:53,561 INFO Успешная запись информации по рейсу
2025-10-16 20:50:53,927 INFO Успешная запись информации по рейсу
2025-10-16 20:50:54,228 INFO Вызов функции: select_next_available_date(driver)
2025-10-16 20:50:58,791 INFO Успешный переход на следующую дату
2025-10-16 20:50:58,791 INFO Завершение парсинга для 30 дат
